<?xml version="1.0" encoding="UTF-8"?>
<testng-results skipped="0" failed="0" ignored="0" total="1" passed="1">
  <reporter-output>
  </reporter-output>
  <suite name="Surefire suite" duration-ms="59" started-at="2019-08-10T05:49:25Z" finished-at="2019-08-10T05:49:25Z">
    <groups>
    </groups>
    <test name="Surefire test" duration-ms="59" started-at="2019-08-10T05:49:25Z" finished-at="2019-08-10T05:49:25Z">
      <class name="Sumanmvn.SumanTest">
        <test-method status="PASS" signature="suman1()[pri:0, instance:Sumanmvn.SumanTest@30c7da1e]" name="suman1" duration-ms="24" started-at="2019-08-10T11:19:25Z" finished-at="2019-08-10T11:19:25Z">
          <reporter-output>
          </reporter-output>
        </test-method> <!-- suman1 -->
      </class> <!-- Sumanmvn.SumanTest -->
    </test> <!-- Surefire test -->
  </suite> <!-- Surefire suite -->
</testng-results>
