<?xml version="1.0" encoding="UTF-8"?>
<!-- Generated by org.testng.reporters.JUnitXMLReporter -->
<testsuite hostname="DESKTOP-4PCRIC2" ignored="1" name="Surefire test" tests="2" failures="0" timestamp="10 Aug 2019 06:25:54 GMT" time="0.055" errors="0">
  <testcase name="TC1" time="0.016" classname="Sumanmaven.SumanfirstTest"/>
  <testcase name="TC3" time="0.0" classname="Sumanmaven.SumanfirstTest"/>
  <testcase name="TC2" time="0.0" classname="Sumanmaven.SumanfirstTest">
    <ignored/>
  </testcase> <!-- TC2 -->
</testsuite> <!-- Surefire test -->
