<?xml version="1.0" encoding="UTF-8"?>
<testng-results skipped="0" failed="0" ignored="1" total="3" passed="2">
  <reporter-output>
  </reporter-output>
  <suite name="Surefire suite" duration-ms="55" started-at="2019-08-10T06:25:54Z" finished-at="2019-08-10T06:25:54Z">
    <groups>
    </groups>
    <test name="Surefire test" duration-ms="55" started-at="2019-08-10T06:25:54Z" finished-at="2019-08-10T06:25:54Z">
      <class name="Sumanmaven.SumanfirstTest">
        <test-method status="PASS" signature="TC1()[pri:0, instance:Sumanmaven.SumanfirstTest@5b464ce8]" name="TC1" duration-ms="16" started-at="2019-08-10T11:55:54Z" finished-at="2019-08-10T11:55:54Z">
          <reporter-output>
          </reporter-output>
        </test-method> <!-- TC1 -->
        <test-method status="PASS" signature="TC3()[pri:0, instance:Sumanmaven.SumanfirstTest@5b464ce8]" name="TC3" duration-ms="0" started-at="2019-08-10T11:55:54Z" finished-at="2019-08-10T11:55:54Z">
          <reporter-output>
          </reporter-output>
        </test-method> <!-- TC3 -->
      </class> <!-- Sumanmaven.SumanfirstTest -->
    </test> <!-- Surefire test -->
  </suite> <!-- Surefire suite -->
</testng-results>
